<?xml version="1.0" encoding="UTF-8"?>
<testng-results ignored="0" total="1" passed="1" failed="0" skipped="0">
  <reporter-output>
  </reporter-output>
  <suite started-at="2021-12-14T10:11:12 GMT-05:00" name="com.united.test_runner.Test_Runner" finished-at="2021-12-14T10:11:37 GMT-05:00" duration-ms="24278">
    <groups>
      <group name="cucumber">
        <method signature="AbstractTestNGCucumberTests.runScenario(io.cucumber.testng.PickleWrapper,io.cucumber.testng.FeatureWrapper)[pri:0, instance:com.united.test_runner.Test_Runner@37ceb1df]" name="runScenario" class="io.cucumber.testng.AbstractTestNGCucumberTests"/>
      </group> <!-- cucumber -->
    </groups>
    <test started-at="2021-12-14T10:11:12 GMT-05:00" name="Command line test" finished-at="2021-12-14T10:11:37 GMT-05:00" duration-ms="24278">
      <class name="com.united.test_runner.Test_Runner">
        <test-method is-config="true" signature="setUpClass()[pri:0, instance:com.united.test_runner.Test_Runner@37ceb1df]" started-at="2021-12-14T10:11:12 GMT-05:00" name="setUpClass" finished-at="2021-12-14T10:11:13 GMT-05:00" duration-ms="116" status="PASS">
          <reporter-output>
          </reporter-output>
        </test-method> <!-- setUpClass -->
        <test-method signature="runScenario(io.cucumber.testng.PickleWrapper,io.cucumber.testng.FeatureWrapper)[pri:0, instance:com.united.test_runner.Test_Runner@37ceb1df]" started-at="2021-12-14T10:11:13 GMT-05:00" name="runScenario" description="Runs Cucumber Scenarios" data-provider="scenarios" finished-at="2021-12-14T10:11:37 GMT-05:00" duration-ms="24145" status="PASS">
          <params>
            <param index="0">
              <value>
                <![CDATA["user have to click English header link"]]>
              </value>
            </param>
            <param index="1">
              <value>
                <![CDATA["Optional[header display]"]]>
              </value>
            </param>
          </params>
          <reporter-output>
          </reporter-output>
        </test-method> <!-- runScenario -->
        <test-method is-config="true" signature="tearDownClass()[pri:0, instance:com.united.test_runner.Test_Runner@37ceb1df]" started-at="2021-12-14T10:11:37 GMT-05:00" name="tearDownClass" finished-at="2021-12-14T10:11:37 GMT-05:00" duration-ms="2" status="PASS">
          <reporter-output>
          </reporter-output>
        </test-method> <!-- tearDownClass -->
      </class> <!-- com.united.test_runner.Test_Runner -->
    </test> <!-- Command line test -->
  </suite> <!-- com.united.test_runner.Test_Runner -->
</testng-results>
